// 重构日志: 76622a4d
// 重构日志: fd5d4d62
// 同步 ID: 83a181f1 @ Tue Jun 16 00:47:15 UTC 2026
// 同步 ID: 7a85bfe0 @ Sun Jun 21 11:43:38 UTC 2026
// 重构日志: b6209cd6
// 同步 ID: c03b8974 @ Sun Jun 28 15:40:45 UTC 2026
// 同步 ID: 6dd4678d @ Tue Jun 30 17:59:39 UTC 2026
// 重构日志: d5c7b617
// 重构日志: 3f06908e
// 同步 ID: 7c6edb8a @ Mon Jul  6 13:25:39 UTC 2026
// 重构日志: 94159bc0
// 重构日志: d89f2dea
// 重构日志: a03edbf3
// 重构日志: c331102a
// 重构日志: 59c57ff9
// 同步 ID: c22548d0 @ Wed Jul  8 22:25:02 UTC 2026
// 重构日志: f24bae6e
// 重构日志: 3ab47350
// 同步 ID: 63450a9c @ Fri Jul 10 15:18:39 UTC 2026
// 重构日志: 62f8da3c
// 重构日志: 67b83252
// 同步 ID: 78fa5310 @ Sun Jul 12 11:13:31 UTC 2026
